<?xml version="1.0" encoding="UTF-8"?>
<testng-results ignored="0" total="1" passed="1" failed="0" skipped="0">
  <reporter-output>
  </reporter-output>
  <suite started-at="2026-09-17T21:25:21 IST" name="Suite" finished-at="2026-09-17T21:25:28 IST" duration-ms="7157">
    <groups>
      <group name="cucumber">
        <method signature="AbstractTestNGCucumberTests.runScenario(io.cucumber.testng.PickleWrapper,io.cucumber.testng.FeatureWrapper)[pri:0, instance:com.stad.testautomation.testrunner.TestRunner@3ba9ad43]" name="runScenario" class="io.cucumber.testng.AbstractTestNGCucumberTests"/>
      </group> <!-- cucumber -->
    </groups>
    <test started-at="2026-09-17T21:25:21 IST" name="Test" finished-at="2026-09-17T21:25:28 IST" duration-ms="7157">
      <class name="com.stad.testautomation.testrunner.TestRunner">
        <test-method is-config="true" signature="setUpClass(org.testng.ITestContext)[pri:0, instance:com.stad.testautomation.testrunner.TestRunner@3ba9ad43]" started-at="2026-09-17T21:25:21 IST" name="setUpClass" finished-at="2026-09-17T21:25:22 IST" duration-ms="575" status="PASS">
          <params>
            <param index="0">
              <value>
                <![CDATA[org.testng.TestRunner@3bead518]]>
              </value>
            </param>
          </params>
          <reporter-output>
          </reporter-output>
        </test-method> <!-- setUpClass -->
        <test-method signature="runScenario(io.cucumber.testng.PickleWrapper,io.cucumber.testng.FeatureWrapper)[pri:0, instance:com.stad.testautomation.testrunner.TestRunner@3ba9ad43]" started-at="2026-09-17T21:25:22 IST" name="runScenario" description="Runs Cucumber Scenarios" data-provider="scenarios" finished-at="2026-09-17T21:25:28 IST" duration-ms="6524" status="PASS">
          <params>
            <param index="0">
              <value>
                <![CDATA["Successful Login With Valid Credentials"]]>
              </value>
            </param>
            <param index="1">
              <value>
                <![CDATA["Login"]]>
              </value>
            </param>
          </params>
          <reporter-output>
          </reporter-output>
        </test-method> <!-- runScenario -->
        <test-method is-config="true" signature="tearDownClass()[pri:0, instance:com.stad.testautomation.testrunner.TestRunner@3ba9ad43]" started-at="2026-09-17T21:25:28 IST" name="tearDownClass" finished-at="2026-09-17T21:25:28 IST" duration-ms="21" status="PASS">
          <reporter-output>
          </reporter-output>
        </test-method> <!-- tearDownClass -->
      </class> <!-- com.stad.testautomation.testrunner.TestRunner -->
    </test> <!-- Test -->
  </suite> <!-- Suite -->
</testng-results>
