<?xml version="1.0" encoding="UTF-8"?>
<testsuite xmlns:xsi="http://www.w3.org/2001/XMLSchema-instance" xsi:noNamespaceSchemaLocation="https://maven.apache.org/surefire/maven-surefire-plugin/xsd/surefire-test-report-3.0.xsd" version="3.0" name="TestSuite" time="7.64" tests="1" errors="0" skipped="0" failures="0">
  <properties>
[...]
</properties>
  <testcase name="runScenario[&quot;Successful Login With Valid Credentials&quot;, &quot;Login&quot;](1)" classname="com.stad.testautomation.testrunner.TestRunner" time="6.526">
    <system-out><![CDATA[
@sanitytest
Scenario: Successful Login With Valid Credentials                                 # ./resources/features/Login.feature:10
  ✔ Given User launches the chrome browser                                        # com.stad.testautomation.stepdefinitions.Steps.user_launches_the_chrome_browser()
  ✔ When User opens URL "https://practicetestautomation.com/"                     # com.stad.testautomation.stepdefinitions.Steps.user_opens_url(java.lang.String)
  ✔ And User clicks on Practice link                                              # com.stad.testautomation.stepdefinitions.Steps.user_clicks_on_practice_link()
  ✔ And User clicks on Test Login Page link                                       # com.stad.testautomation.stepdefinitions.Steps.user_clicks_on_test_login_page_link()
  ✔ And User enters Username as "student" and password as "Password123"           # com.stad.testautomation.stepdefinitions.Steps.user_enters_username_as_and_password_as(java.lang.String,java.lang.String)
  ✔ And Clicks on Submit button                                                   # com.stad.testautomation.stepdefinitions.Steps.clicks_on_submit_button()
  ✔ Then Page title should be "Logged In Successfully | Practice Test Automation" # com.stad.testautomation.stepdefinitions.Steps.page_title_should_be(java.lang.String)
  ✔ And Close browser                                                             # com.stad.testautomation.stepdefinitions.Steps.close_browser()
]]></system-out>
    <system-err><![CDATA[SLF4J(W): No SLF4J providers were found.
SLF4J(W): Defaulting to no-operation (NOP) logger implementation
SLF4J(W): See https://www.slf4j.org/codes.html#noProviders for further details.
Sept 17, 2026 9:25:24 PM org.openqa.selenium.devtools.CdpVersionFinder findNearestMatch
WARNING: Unable to find an exact match for CDP version 152, returning the closest version; found: 149; Please update to a Selenium version that supports CDP version 152
]]></system-err>
  </testcase>
</testsuite>