<?xml version="1.0" encoding="UTF-8"?>
<testng-results ignored="0" total="1" passed="1" failed="0" skipped="0">
  <reporter-output>
  </reporter-output>
  <suite started-at="2026-09-16T21:12:45 IST" name="Suite" finished-at="2026-09-16T21:12:55 IST" duration-ms="9939">
    <groups>
      <group name="cucumber">
        <method signature="AbstractTestNGCucumberTests.runScenario(io.cucumber.testng.PickleWrapper,io.cucumber.testng.FeatureWrapper)[pri:0, instance:com.stad.testautomation.testrunner.TestRunner@4009e306]" name="runScenario" class="io.cucumber.testng.AbstractTestNGCucumberTests"/>
      </group> <!-- cucumber -->
    </groups>
    <test started-at="2026-09-16T21:12:45 IST" name="Test" finished-at="2026-09-16T21:12:55 IST" duration-ms="9939">
      <class name="com.stad.testautomation.testrunner.TestRunner">
        <test-method is-config="true" signature="setUpClass(org.testng.ITestContext)[pri:0, instance:com.stad.testautomation.testrunner.TestRunner@4009e306]" started-at="2026-09-16T21:12:45 IST" name="setUpClass" finished-at="2026-09-16T21:12:46 IST" duration-ms="912" status="PASS">
          <params>
            <param index="0">
              <value>
                <![CDATA[org.testng.TestRunner@6b00ad9]]>
              </value>
            </param>
          </params>
          <reporter-output>
          </reporter-output>
        </test-method> <!-- setUpClass -->
        <test-method signature="runScenario(io.cucumber.testng.PickleWrapper,io.cucumber.testng.FeatureWrapper)[pri:0, instance:com.stad.testautomation.testrunner.TestRunner@4009e306]" started-at="2026-09-16T21:12:46 IST" name="runScenario" description="Runs Cucumber Scenarios" data-provider="scenarios" finished-at="2026-09-16T21:12:55 IST" duration-ms="8931" status="PASS">
          <params>
            <param index="0">
              <value>
                <![CDATA["Successful Login With Valid Credentials"]]>
              </value>
            </param>
            <param index="1">
              <value>
                <![CDATA["Login"]]>
              </value>
            </param>
          </params>
          <reporter-output>
          </reporter-output>
        </test-method> <!-- runScenario -->
        <test-method is-config="true" signature="tearDownClass()[pri:0, instance:com.stad.testautomation.testrunner.TestRunner@4009e306]" started-at="2026-09-16T21:12:55 IST" name="tearDownClass" finished-at="2026-09-16T21:12:55 IST" duration-ms="30" status="PASS">
          <reporter-output>
          </reporter-output>
        </test-method> <!-- tearDownClass -->
      </class> <!-- com.stad.testautomation.testrunner.TestRunner -->
    </test> <!-- Test -->
  </suite> <!-- Suite -->
</testng-results>
